<?xml version="1.0" encoding="UTF-8"?>
<testsuite xmlns:xsi="http://www.w3.org/2001/XMLSchema-instance" xsi:noNamespaceSchemaLocation="https://maven.apache.org/surefire/maven-surefire-plugin/xsd/surefire-test-report.xsd" name="Perseverance.AppTest" time="0.163" tests="2" errors="0" skipped="0" failures="0">
  <properties>
[...]
</properties>
  <testcase name="testCrearMazo" classname="Perseverance.AppTest" time="0.132"/>
  <testcase name="testMezclarMazo" classname="Perseverance.AppTest" time="0.001"/>
</testsuite>