<?xml version="1.0" encoding="UTF-8"?>
<testsuite xmlns:xsi="http://www.w3.org/2001/XMLSchema-instance" xsi:noNamespaceSchemaLocation="https://maven.apache.org/surefire/maven-surefire-plugin/xsd/surefire-test-report.xsd" name="Perseverance.AppTest" time="0.617" tests="21" errors="0" skipped="0" failures="0">
  <properties>
[...]
</properties>
  <testcase name="testComprobarWin" classname="Perseverance.AppTest" time="0.094"/>
  <testcase name="testTablero" classname="Perseverance.AppTest" time="0.351"/>
  <testcase name="testAgregarPZDJVaciaNoK" classname="Perseverance.AppTest" time="0"/>
  <testcase name="testPuntuacion" classname="Perseverance.AppTest" time="0.006"/>
  <testcase name="testAgregarPZDEVaciaNoAs" classname="Perseverance.AppTest" time="0"/>
  <testcase name="testPedirCartas" classname="Perseverance.AppTest" time="0.006"/>
  <testcase name="testAgregaraPila" classname="Perseverance.AppTest" time="0.003"/>
  <testcase name="testAgregarPZDEValido" classname="Perseverance.AppTest" time="0"/>
  <testcase name="testAgregarPZDJVaciaK" classname="Perseverance.AppTest" time="0"/>
  <testcase name="testAgregarPZDJValido" classname="Perseverance.AppTest" time="0"/>
  <testcase name="testReiniciarMazo" classname="Perseverance.AppTest" time="0.015"/>
  <testcase name="testEstadisticas" classname="Perseverance.AppTest" time="0.006"/>
  <testcase name="testTableroyCartas" classname="Perseverance.AppTest" time="0.088"/>
  <testcase name="testAgregarPZDJNoValido" classname="Perseverance.AppTest" time="0"/>
  <testcase name="testCreadoDePilasDeJuego" classname="Perseverance.AppTest" time="0.001"/>
  <testcase name="testAgregarPZDENoValido" classname="Perseverance.AppTest" time="0.001"/>
  <testcase name="testCrearMazo" classname="Perseverance.AppTest" time="0"/>
  <testcase name="testCreadoDePilasDeEscalera" classname="Perseverance.AppTest" time="0"/>
  <testcase name="testAgregarPZDEVaciaAs" classname="Perseverance.AppTest" time="0"/>
  <testcase name="testCambioModoDeJuego" classname="Perseverance.AppTest" time="0.003"/>
  <testcase name="testMezclarMazo" classname="Perseverance.AppTest" time="0"/>
</testsuite>